<?xml version="1.0" encoding="UTF-8"?>
<!-- Generated by org.testng.reporters.JUnitXMLReporter -->
<testsuite ignored="0" hostname="HP-PC" failures="3" tests="3" name="Test" time="124.475" errors="0" timestamp="2020-09-15T18:57:25 IST">
  <testcase classname="Framework.E2E.homeLogin" name="@AfterTest driverClose" time="0.231">
    <failure type="org.openqa.selenium.WebDriverException" message="chrome not reachable
  (Session info: chrome=85.0.4183.102)
Build info: version: &amp;apos;3.141.59&amp;apos;, revision: &amp;apos;e82be7d358&amp;apos;, time: &amp;apos;2018-11-14T08:17:03&amp;apos;
System info: host: &amp;apos;HP-PC&amp;apos;, ip: &amp;apos;172.20.10.3&amp;apos;, os.name: &amp;apos;Windows 8.1&amp;apos;, os.arch: &amp;apos;amd64&amp;apos;, os.version: &amp;apos;6.3&amp;apos;, java.version: &amp;apos;14.0.1&amp;apos;
Driver info: org.openqa.selenium.chrome.ChromeDriver
Capabilities {acceptInsecureCerts: false, browserName: chrome, browserVersion: 85.0.4183.102, chrome: {chromedriverVersion: 85.0.4183.87 (cd6713ebf92fa..., userDataDir: C:\Users\MLOKNA~1\AppData\L...}, goog:chromeOptions: {debuggerAddress: localhost:49954}, javascriptEnabled: true, networkConnectionEnabled: false, pageLoadStrategy: normal, platform: WINDOWS, platformName: WINDOWS, proxy: Proxy(), setWindowRect: true, strictFileInteractability: false, timeouts: {implicit: 0, pageLoad: 300000, script: 30000}, unhandledPromptBehavior: dismiss and notify, webauthn:virtualAuthenticators: true}
Session ID: 93627e520299267a671daa170378a1af">
      <![CDATA[org.openqa.selenium.WebDriverException: chrome not reachable
  (Session info: chrome=85.0.4183.102)
Build info: version: '3.141.59', revision: 'e82be7d358', time: '2018-11-14T08:17:03'
System info: host: 'HP-PC', ip: '172.20.10.3', os.name: 'Windows 8.1', os.arch: 'amd64', os.version: '6.3', java.version: '14.0.1'
Driver info: org.openqa.selenium.chrome.ChromeDriver
Capabilities {acceptInsecureCerts: false, browserName: chrome, browserVersion: 85.0.4183.102, chrome: {chromedriverVersion: 85.0.4183.87 (cd6713ebf92fa..., userDataDir: C:\Users\MLOKNA~1\AppData\L...}, goog:chromeOptions: {debuggerAddress: localhost:49954}, javascriptEnabled: true, networkConnectionEnabled: false, pageLoadStrategy: normal, platform: WINDOWS, platformName: WINDOWS, proxy: Proxy(), setWindowRect: true, strictFileInteractability: false, timeouts: {implicit: 0, pageLoad: 300000, script: 30000}, unhandledPromptBehavior: dismiss and notify, webauthn:virtualAuthenticators: true}
Session ID: 93627e520299267a671daa170378a1af
at org.openqa.selenium.remote.http.W3CHttpResponseCodec.createException(W3CHttpResponseCodec.java:187)
at org.openqa.selenium.remote.http.W3CHttpResponseCodec.decode(W3CHttpResponseCodec.java:122)
at org.openqa.selenium.remote.http.W3CHttpResponseCodec.decode(W3CHttpResponseCodec.java:49)
at org.openqa.selenium.remote.HttpCommandExecutor.execute(HttpCommandExecutor.java:158)
at org.openqa.selenium.remote.service.DriverCommandExecutor.execute(DriverCommandExecutor.java:83)
at org.openqa.selenium.remote.RemoteWebDriver.execute(RemoteWebDriver.java:552)
at org.openqa.selenium.remote.RemoteWebDriver.execute(RemoteWebDriver.java:609)
at org.openqa.selenium.remote.RemoteWebDriver.close(RemoteWebDriver.java:442)
at Framework.E2E.homeLogin.driverClose(homeLogin.java:60)
... Removed 29 stack frames]]>
    </failure>
  </testcase> <!-- @AfterTest driverClose -->
  <testcase classname="Framework.E2E.validateTitle" name="@AfterTest driverClose" time="-1.600176445707E9">
    <skipped/>
  </testcase> <!-- @AfterTest driverClose -->
  <testcase classname="Framework.E2E.validateTitle" name="getTitle" time="8.397">
    <failure type="org.openqa.selenium.SessionNotCreatedException" message="session not created
from disconnected: received Inspector.detached event
  (Session info: chrome=85.0.4183.102)
Build info: version: &amp;apos;3.141.59&amp;apos;, revision: &amp;apos;e82be7d358&amp;apos;, time: &amp;apos;2018-11-14T08:17:03&amp;apos;
System info: host: &amp;apos;HP-PC&amp;apos;, ip: &amp;apos;172.20.10.3&amp;apos;, os.name: &amp;apos;Windows 8.1&amp;apos;, os.arch: &amp;apos;amd64&amp;apos;, os.version: &amp;apos;6.3&amp;apos;, java.version: &amp;apos;14.0.1&amp;apos;
Driver info: driver.version: ChromeDriver
remote stacktrace: Backtrace:
	Ordinal0 [0x0056D383+3134339]
	Ordinal0 [0x0045A171+2007409]
	Ordinal0 [0x002FAEE8+569064]
	Ordinal0 [0x002EFCDD+523485]
	Ordinal0 [0x002EF9E9+522729]
	Ordinal0 [0x002EF0FA+520442]
	Ordinal0 [0x002EE542+517442]
	Ordinal0 [0x002EE935+518453]
	Ordinal0 [0x002EE265+516709]
	Ordinal0 [0x002F7551+554321]
	Ordinal0 [0x002EE214+516628]
	Ordinal0 [0x002EEF25+519973]
	Ordinal0 [0x002EE542+517442]
	Ordinal0 [0x002EE935+518453]
	Ordinal0 [0x002EE265+516709]
	Ordinal0 [0x002F58DE+547038]
	Ordinal0 [0x002EE214+516628]
	Ordinal0 [0x002EEF25+519973]
	Ordinal0 [0x002EE542+517442]
	Ordinal0 [0x002EE935+518453]
	Ordinal0 [0x002EE265+516709]
	Ordinal0 [0x002F3BF6+539638]
	Ordinal0 [0x002EE214+516628]
	Ordinal0 [0x002EEF25+519973]
	Ordinal0 [0x002EE542+517442]
	Ordinal0 [0x002EE935+518453]
	Ordinal0 [0x002EE265+516709]
	Ordinal0 [0x002F2F37+536375]
	Ordinal0 [0x002EE214+516628]
	Ordinal0 [0x002EEF25+519973]
	Ordinal0 [0x002EE542+517442]
	Ordinal0 [0x002EE935+518453]
	Ordinal0 [0x002EE265+516709]
	Ordinal0 [0x002EAB7C+502652]
	Ordinal0 [0x002EE214+516628]
	Ordinal0 [0x002EDF81+515969]
	Ordinal0 [0x002FBF70+573296]
	Ordinal0 [0x002A1916+203030]
	Ordinal0 [0x002A0C1D+199709]
	Ordinal0 [0x0029EB0B+191243]
	Ordinal0 [0x00282E77+77431]
	Ordinal0 [0x00283E3E+81470]
	Ordinal0 [0x00283DC9+81353]
	Ordinal0 [0x00470CD9+2100441]
	GetHandleVerifier [0x006DB75A+1396954]
	GetHandleVerifier [0x006DB3D9+1396057]
	GetHandleVerifier [0x006E7126+1444518]
	GetHandleVerifier [0x006DBCE8+1398376]
	Ordinal0 [0x00467F51+2064209]
	Ordinal0 [0x004722EB+2106091]
	Ordinal0 [0x00472411+2106385]
	Ordinal0 [0x004849C4+2181572]
	BaseThreadInitThunk [0x77C96A14+36]
	RtlInitializeExceptionChain [0x77EEAB4F+143]
	RtlInitializeExceptionChain [0x77EEAB1A+90]
">
      <![CDATA[org.openqa.selenium.SessionNotCreatedException: session not created
from disconnected: received Inspector.detached event
  (Session info: chrome=85.0.4183.102)
Build info: version: '3.141.59', revision: 'e82be7d358', time: '2018-11-14T08:17:03'
System info: host: 'HP-PC', ip: '172.20.10.3', os.name: 'Windows 8.1', os.arch: 'amd64', os.version: '6.3', java.version: '14.0.1'
Driver info: driver.version: ChromeDriver
remote stacktrace: Backtrace:
Ordinal0 [0x0056D383+3134339]
Ordinal0 [0x0045A171+2007409]
Ordinal0 [0x002FAEE8+569064]
Ordinal0 [0x002EFCDD+523485]
Ordinal0 [0x002EF9E9+522729]
Ordinal0 [0x002EF0FA+520442]
Ordinal0 [0x002EE542+517442]
Ordinal0 [0x002EE935+518453]
Ordinal0 [0x002EE265+516709]
Ordinal0 [0x002F7551+554321]
Ordinal0 [0x002EE214+516628]
Ordinal0 [0x002EEF25+519973]
Ordinal0 [0x002EE542+517442]
Ordinal0 [0x002EE935+518453]
Ordinal0 [0x002EE265+516709]
Ordinal0 [0x002F58DE+547038]
Ordinal0 [0x002EE214+516628]
Ordinal0 [0x002EEF25+519973]
Ordinal0 [0x002EE542+517442]
Ordinal0 [0x002EE935+518453]
Ordinal0 [0x002EE265+516709]
Ordinal0 [0x002F3BF6+539638]
Ordinal0 [0x002EE214+516628]
Ordinal0 [0x002EEF25+519973]
Ordinal0 [0x002EE542+517442]
Ordinal0 [0x002EE935+518453]
Ordinal0 [0x002EE265+516709]
Ordinal0 [0x002F2F37+536375]
Ordinal0 [0x002EE214+516628]
Ordinal0 [0x002EEF25+519973]
Ordinal0 [0x002EE542+517442]
Ordinal0 [0x002EE935+518453]
Ordinal0 [0x002EE265+516709]
Ordinal0 [0x002EAB7C+502652]
Ordinal0 [0x002EE214+516628]
Ordinal0 [0x002EDF81+515969]
Ordinal0 [0x002FBF70+573296]
Ordinal0 [0x002A1916+203030]
Ordinal0 [0x002A0C1D+199709]
Ordinal0 [0x0029EB0B+191243]
Ordinal0 [0x00282E77+77431]
Ordinal0 [0x00283E3E+81470]
Ordinal0 [0x00283DC9+81353]
Ordinal0 [0x00470CD9+2100441]
GetHandleVerifier [0x006DB75A+1396954]
GetHandleVerifier [0x006DB3D9+1396057]
GetHandleVerifier [0x006E7126+1444518]
GetHandleVerifier [0x006DBCE8+1398376]
Ordinal0 [0x00467F51+2064209]
Ordinal0 [0x004722EB+2106091]
Ordinal0 [0x00472411+2106385]
Ordinal0 [0x004849C4+2181572]
BaseThreadInitThunk [0x77C96A14+36]
RtlInitializeExceptionChain [0x77EEAB4F+143]
RtlInitializeExceptionChain [0x77EEAB1A+90]

at org.openqa.selenium.remote.W3CHandshakeResponse.lambda$errorHandler$0(W3CHandshakeResponse.java:62)
at org.openqa.selenium.remote.HandshakeResponse.lambda$getResponseFunction$0(HandshakeResponse.java:30)
at org.openqa.selenium.remote.ProtocolHandshake.lambda$createSession$0(ProtocolHandshake.java:126)
at java.base/java.util.stream.ReferencePipeline$3$1.accept(ReferencePipeline.java:195)
at java.base/java.util.Spliterators$ArraySpliterator.tryAdvance(Spliterators.java:958)
at java.base/java.util.stream.ReferencePipeline.forEachWithCancel(ReferencePipeline.java:127)
at java.base/java.util.stream.AbstractPipeline.copyIntoWithCancel(AbstractPipeline.java:502)
at java.base/java.util.stream.AbstractPipeline.copyInto(AbstractPipeline.java:488)
at java.base/java.util.stream.AbstractPipeline.wrapAndCopyInto(AbstractPipeline.java:474)
at java.base/java.util.stream.FindOps$FindOp.evaluateSequential(FindOps.java:150)
at java.base/java.util.stream.AbstractPipeline.evaluate(AbstractPipeline.java:234)
at java.base/java.util.stream.ReferencePipeline.findFirst(ReferencePipeline.java:543)
at org.openqa.selenium.remote.ProtocolHandshake.createSession(ProtocolHandshake.java:128)
at org.openqa.selenium.remote.ProtocolHandshake.createSession(ProtocolHandshake.java:74)
at org.openqa.selenium.remote.HttpCommandExecutor.execute(HttpCommandExecutor.java:136)
at org.openqa.selenium.remote.service.DriverCommandExecutor.execute(DriverCommandExecutor.java:83)
at org.openqa.selenium.remote.RemoteWebDriver.execute(RemoteWebDriver.java:552)
at org.openqa.selenium.remote.RemoteWebDriver.startSession(RemoteWebDriver.java:213)
at org.openqa.selenium.remote.RemoteWebDriver.<init>(RemoteWebDriver.java:131)
at org.openqa.selenium.chrome.ChromeDriver.<init>(ChromeDriver.java:181)
at org.openqa.selenium.chrome.ChromeDriver.<init>(ChromeDriver.java:168)
at org.openqa.selenium.chrome.ChromeDriver.<init>(ChromeDriver.java:123)
at Framework.E2E.base.initializeDriver(base.java:31)
at Framework.E2E.validateTitle.getTitle(validateTitle.java:29)
at java.base/java.util.ArrayList.forEach(ArrayList.java:1510)
... Removed 32 stack frames]]>
    </failure>
  </testcase> <!-- getTitle -->
  <testcase classname="Framework.E2E.homeLogin" name="Page" time="4.23">
    <failure type="org.openqa.selenium.WebDriverException" message="chrome not reachable
  (Session info: chrome=85.0.4183.102)
Build info: version: &amp;apos;3.141.59&amp;apos;, revision: &amp;apos;e82be7d358&amp;apos;, time: &amp;apos;2018-11-14T08:17:03&amp;apos;
System info: host: &amp;apos;HP-PC&amp;apos;, ip: &amp;apos;172.20.10.3&amp;apos;, os.name: &amp;apos;Windows 8.1&amp;apos;, os.arch: &amp;apos;amd64&amp;apos;, os.version: &amp;apos;6.3&amp;apos;, java.version: &amp;apos;14.0.1&amp;apos;
Driver info: org.openqa.selenium.chrome.ChromeDriver
Capabilities {acceptInsecureCerts: false, browserName: chrome, browserVersion: 85.0.4183.102, chrome: {chromedriverVersion: 85.0.4183.87 (cd6713ebf92fa..., userDataDir: C:\Users\MLOKNA~1\AppData\L...}, goog:chromeOptions: {debuggerAddress: localhost:49954}, javascriptEnabled: true, networkConnectionEnabled: false, pageLoadStrategy: normal, platform: WINDOWS, platformName: WINDOWS, proxy: Proxy(), setWindowRect: true, strictFileInteractability: false, timeouts: {implicit: 0, pageLoad: 300000, script: 30000}, unhandledPromptBehavior: dismiss and notify, webauthn:virtualAuthenticators: true}
Session ID: 93627e520299267a671daa170378a1af
*** Element info: {Using=xpath, value=//span[contains(text(),&amp;apos;Login&amp;apos;)]}">
      <![CDATA[org.openqa.selenium.WebDriverException: chrome not reachable
  (Session info: chrome=85.0.4183.102)
Build info: version: '3.141.59', revision: 'e82be7d358', time: '2018-11-14T08:17:03'
System info: host: 'HP-PC', ip: '172.20.10.3', os.name: 'Windows 8.1', os.arch: 'amd64', os.version: '6.3', java.version: '14.0.1'
Driver info: org.openqa.selenium.chrome.ChromeDriver
Capabilities {acceptInsecureCerts: false, browserName: chrome, browserVersion: 85.0.4183.102, chrome: {chromedriverVersion: 85.0.4183.87 (cd6713ebf92fa..., userDataDir: C:\Users\MLOKNA~1\AppData\L...}, goog:chromeOptions: {debuggerAddress: localhost:49954}, javascriptEnabled: true, networkConnectionEnabled: false, pageLoadStrategy: normal, platform: WINDOWS, platformName: WINDOWS, proxy: Proxy(), setWindowRect: true, strictFileInteractability: false, timeouts: {implicit: 0, pageLoad: 300000, script: 30000}, unhandledPromptBehavior: dismiss and notify, webauthn:virtualAuthenticators: true}
Session ID: 93627e520299267a671daa170378a1af
*** Element info: {Using=xpath, value=//span[contains(text(),'Login')]}
at org.openqa.selenium.remote.http.W3CHttpResponseCodec.createException(W3CHttpResponseCodec.java:187)
at org.openqa.selenium.remote.http.W3CHttpResponseCodec.decode(W3CHttpResponseCodec.java:122)
at org.openqa.selenium.remote.http.W3CHttpResponseCodec.decode(W3CHttpResponseCodec.java:49)
at org.openqa.selenium.remote.HttpCommandExecutor.execute(HttpCommandExecutor.java:158)
at org.openqa.selenium.remote.service.DriverCommandExecutor.execute(DriverCommandExecutor.java:83)
at org.openqa.selenium.remote.RemoteWebDriver.execute(RemoteWebDriver.java:552)
at org.openqa.selenium.remote.RemoteWebDriver.findElement(RemoteWebDriver.java:323)
at org.openqa.selenium.remote.RemoteWebDriver.findElementByXPath(RemoteWebDriver.java:428)
at org.openqa.selenium.By$ByXPath.findElement(By.java:353)
at org.openqa.selenium.remote.RemoteWebDriver.findElement(RemoteWebDriver.java:315)
at org.openqa.selenium.support.pagefactory.DefaultElementLocator.findElement(DefaultElementLocator.java:69)
at org.openqa.selenium.support.pagefactory.internal.LocatingElementHandler.invoke(LocatingElementHandler.java:38)
at com.sun.proxy.$Proxy13.click(Unknown Source)
at Framework.E2E.homeLogin.Page(homeLogin.java:31)
at java.base/java.util.ArrayList.forEach(ArrayList.java:1510)
... Removed 32 stack frames]]>
    </failure>
  </testcase> <!-- Page -->
  <testcase classname="Framework.E2E.homeLogin" name="Page" time="4.04">
    <failure type="org.openqa.selenium.WebDriverException" message="chrome not reachable
  (Session info: chrome=85.0.4183.102)
Build info: version: &amp;apos;3.141.59&amp;apos;, revision: &amp;apos;e82be7d358&amp;apos;, time: &amp;apos;2018-11-14T08:17:03&amp;apos;
System info: host: &amp;apos;HP-PC&amp;apos;, ip: &amp;apos;172.20.10.3&amp;apos;, os.name: &amp;apos;Windows 8.1&amp;apos;, os.arch: &amp;apos;amd64&amp;apos;, os.version: &amp;apos;6.3&amp;apos;, java.version: &amp;apos;14.0.1&amp;apos;
Driver info: org.openqa.selenium.chrome.ChromeDriver
Capabilities {acceptInsecureCerts: false, browserName: chrome, browserVersion: 85.0.4183.102, chrome: {chromedriverVersion: 85.0.4183.87 (cd6713ebf92fa..., userDataDir: C:\Users\MLOKNA~1\AppData\L...}, goog:chromeOptions: {debuggerAddress: localhost:49954}, javascriptEnabled: true, networkConnectionEnabled: false, pageLoadStrategy: normal, platform: WINDOWS, platformName: WINDOWS, proxy: Proxy(), setWindowRect: true, strictFileInteractability: false, timeouts: {implicit: 0, pageLoad: 300000, script: 30000}, unhandledPromptBehavior: dismiss and notify, webauthn:virtualAuthenticators: true}
Session ID: 93627e520299267a671daa170378a1af
*** Element info: {Using=xpath, value=//span[contains(text(),&amp;apos;Login&amp;apos;)]}">
      <![CDATA[org.openqa.selenium.WebDriverException: chrome not reachable
  (Session info: chrome=85.0.4183.102)
Build info: version: '3.141.59', revision: 'e82be7d358', time: '2018-11-14T08:17:03'
System info: host: 'HP-PC', ip: '172.20.10.3', os.name: 'Windows 8.1', os.arch: 'amd64', os.version: '6.3', java.version: '14.0.1'
Driver info: org.openqa.selenium.chrome.ChromeDriver
Capabilities {acceptInsecureCerts: false, browserName: chrome, browserVersion: 85.0.4183.102, chrome: {chromedriverVersion: 85.0.4183.87 (cd6713ebf92fa..., userDataDir: C:\Users\MLOKNA~1\AppData\L...}, goog:chromeOptions: {debuggerAddress: localhost:49954}, javascriptEnabled: true, networkConnectionEnabled: false, pageLoadStrategy: normal, platform: WINDOWS, platformName: WINDOWS, proxy: Proxy(), setWindowRect: true, strictFileInteractability: false, timeouts: {implicit: 0, pageLoad: 300000, script: 30000}, unhandledPromptBehavior: dismiss and notify, webauthn:virtualAuthenticators: true}
Session ID: 93627e520299267a671daa170378a1af
*** Element info: {Using=xpath, value=//span[contains(text(),'Login')]}
at org.openqa.selenium.remote.http.W3CHttpResponseCodec.createException(W3CHttpResponseCodec.java:187)
at org.openqa.selenium.remote.http.W3CHttpResponseCodec.decode(W3CHttpResponseCodec.java:122)
at org.openqa.selenium.remote.http.W3CHttpResponseCodec.decode(W3CHttpResponseCodec.java:49)
at org.openqa.selenium.remote.HttpCommandExecutor.execute(HttpCommandExecutor.java:158)
at org.openqa.selenium.remote.service.DriverCommandExecutor.execute(DriverCommandExecutor.java:83)
at org.openqa.selenium.remote.RemoteWebDriver.execute(RemoteWebDriver.java:552)
at org.openqa.selenium.remote.RemoteWebDriver.findElement(RemoteWebDriver.java:323)
at org.openqa.selenium.remote.RemoteWebDriver.findElementByXPath(RemoteWebDriver.java:428)
at org.openqa.selenium.By$ByXPath.findElement(By.java:353)
at org.openqa.selenium.remote.RemoteWebDriver.findElement(RemoteWebDriver.java:315)
at org.openqa.selenium.support.pagefactory.DefaultElementLocator.findElement(DefaultElementLocator.java:69)
at org.openqa.selenium.support.pagefactory.internal.LocatingElementHandler.invoke(LocatingElementHandler.java:38)
at com.sun.proxy.$Proxy13.click(Unknown Source)
at Framework.E2E.homeLogin.Page(homeLogin.java:31)
at java.base/java.util.ArrayList.forEach(ArrayList.java:1510)
... Removed 32 stack frames]]>
    </failure>
  </testcase> <!-- Page -->
</testsuite> <!-- Test -->
